\BOOKMARK [1][-]{section*.1}{\376\377\000D\000a\000t\000a\000\040\000d\000e\000s\000c\000r\000i\000p\000t\000i\000o\000n}{}% 1
\BOOKMARK [1][-]{section*.2}{\376\377\000I\000m\000p\000o\000r\000t\000s\000\040\000a\000n\000d\000\040\000l\000o\000a\000d\000i\000n\000g\000\040\000d\000a\000t\000a}{}% 2
\BOOKMARK [1][-]{section*.3}{\376\377\000E\000x\000p\000l\000o\000r\000a\000t\000o\000r\000y\000\040\000a\000n\000a\000l\000y\000s\000i\000s}{}% 3
\BOOKMARK [2][-]{section*.4}{\376\377\000S\000u\000m\000m\000a\000r\000i\000z\000e\000\040\000t\000h\000e\000\040\000d\000a\000t\000a\000s\000e\000t}{section*.3}% 4
\BOOKMARK [2][-]{section*.5}{\376\377\000P\000l\000o\000t\000s}{section*.3}% 5
\BOOKMARK [3][-]{section*.6}{\376\377\000P\000a\000i\000r\000w\000i\000s\000e\000\040\000b\000e\000h\000a\000v\000i\000o\000u\000r\000\040\000o\000f\000\040\000e\000x\000p\000l\000n\000a\000t\000o\000r\000y\000\040\000v\000a\000r\000i\000a\000b\000l\000e\000s}{section*.5}% 6
\BOOKMARK [3][-]{section*.7}{\376\377\000P\000l\000o\000t\000s\000\040\000o\000f\000\040\000f\000a\000c\000t\000o\000r\000e\000d\000\040\000d\000a\000t\000a}{section*.5}% 7
\BOOKMARK [2][-]{section*.8}{\376\377\000A\000n\000a\000l\000y\000z\000e}{section*.3}% 8
\BOOKMARK [3][-]{section*.9}{\376\377\0001\000-\000D\000\040\000l\000i\000n\000e\000a\000r\000\040\000m\000o\000d\000e\000l\000s}{section*.8}% 9
\BOOKMARK [3][-]{section*.26}{\376\377\000T\000w\000o\000\040\000g\000r\000o\000u\000p\000s\000\040\000s\000i\000g\000n\000i\000f\000i\000c\000a\000n\000t\000l\000y\000\040\000d\000i\000f\000f\000e\000r\000e\000n\000t}{section*.8}% 10
\BOOKMARK [2][-]{section*.27}{\376\377\000P\000o\000s\000s\000i\000b\000l\000e\000\040\000a\000n\000a\000l\000y\000s\000i\000s}{section*.3}% 11
\BOOKMARK [2][-]{section*.28}{\376\377\000P\000l\000a\000n}{section*.3}% 12
\BOOKMARK [3][-]{section*.29}{\376\377\000S\000e\000l\000e\000c\000t\000i\000o\000n\000\040\000o\000f\000\040\000t\000h\000e\000\040\000m\000o\000d\000e\000l}{section*.28}% 13
\BOOKMARK [3][-]{section*.33}{\376\377\000F\000i\000t\000\040\000o\000f\000\040\000t\000h\000e\000\040\000s\000e\000l\000e\000c\000t\000e\000d\000\040\000m\000o\000d\000e\000l}{section*.28}% 14
\BOOKMARK [3][-]{section*.36}{\376\377\000D\000i\000a\000g\000n\000o\000s\000t\000i\000c\000\040\000p\000l\000o\000t\000s}{section*.28}% 15
\BOOKMARK [3][-]{section*.39}{\376\377\000R\000e\000m\000o\000v\000i\000n\000g\000\040\000t\000h\000e\000\040\000i\000n\000f\000l\000u\000e\000n\000c\000i\000a\000l\000\040\000p\000o\000i\000n\000t\000s}{section*.28}% 16
\BOOKMARK [3][-]{section*.40}{\376\377\000N\000e\000w\000\040\000f\000i\000t}{section*.28}% 17
\BOOKMARK [3][-]{section*.41}{\376\377\000N\000e\000w\000\040\000d\000i\000a\000g\000n\000o\000s\000t\000i\000c\000\040\000p\000l\000o\000t\000s}{section*.28}% 18
\BOOKMARK [3][-]{section*.42}{\376\377\000R\000o\000b\000u\000s\000t\000\040\000r\000e\000g\000r\000e\000s\000s\000i\000o\000n}{section*.28}% 19
\BOOKMARK [2][-]{section*.43}{\376\377\000W\000h\000a\000t\000\040\000I\000\040\000t\000h\000i\000n\000k\000\040\000w\000e\000\040\000s\000h\000o\000u\000l\000d\000\040\000d\000o\000\040\000t\000o\000\040\000a\000n\000s\000w\000e\000r\000\040\000t\000h\000e\000\040\000s\000c\000i\000e\000n\000t\000i\000f\000i\000c\000\040\000q\000u\000e\000s\000t\000i\000o\000n\000\040\000\050\000J\000o\000s\000e\000p\000h\000\051}{section*.3}% 20
\BOOKMARK [3][-]{section*.44}{\376\377\000M\000o\000d\000e\000l\000\040\000s\000e\000l\000e\000c\000t\000i\000o\000n}{section*.43}% 21
\BOOKMARK [1][-]{section*.49}{\376\377\000R\000e\000f\000e\000r\000e\000n\000c\000e\000s}{}% 22
